<?xml version="1.0" encoding="UTF-8"?>
<testsuite xmlns:xsi="http://www.w3.org/2001/XMLSchema-instance" xsi:noNamespaceSchemaLocation="https://maven.apache.org/surefire/maven-surefire-plugin/xsd/surefire-test-report-3.0.xsd" version="3.0" name="hibernate11.MachineServiceTest" time="3.316" tests="5" errors="0" skipped="0" failures="0">
  <properties>
    <property name="java.specification.version" value="21"/>
    <property name="sun.cpu.isalist" value="amd64"/>
    <property name="sun.jnu.encoding" value="Cp1252"/>
    <property name="java.class.path" value="C:\Users\Admin\eclipse-workspace\hibernate11\target\test-classes;C:\Users\Admin\eclipse-workspace\hibernate11\target\classes;C:\Users\Admin\.m2\repository\org\hibernate\hibernate-core\5.6.9.Final\hibernate-core-5.6.9.Final.jar;C:\Users\Admin\.m2\repository\org\jboss\logging\jboss-logging\3.4.3.Final\jboss-logging-3.4.3.Final.jar;C:\Users\Admin\.m2\repository\net\bytebuddy\byte-buddy\1.12.9\byte-buddy-1.12.9.jar;C:\Users\Admin\.m2\repository\antlr\antlr\2.7.7\antlr-2.7.7.jar;C:\Users\Admin\.m2\repository\org\jboss\spec\javax\transaction\jboss-transaction-api_1.2_spec\1.1.1.Final\jboss-transaction-api_1.2_spec-1.1.1.Final.jar;C:\Users\Admin\.m2\repository\org\jboss\jandex\2.4.2.Final\jandex-2.4.2.Final.jar;C:\Users\Admin\.m2\repository\com\fasterxml\classmate\1.5.1\classmate-1.5.1.jar;C:\Users\Admin\.m2\repository\javax\activation\javax.activation-api\1.2.0\javax.activation-api-1.2.0.jar;C:\Users\Admin\.m2\repository\org\hibernate\common\hibernate-commons-annotations\5.1.2.Final\hibernate-commons-annotations-5.1.2.Final.jar;C:\Users\Admin\.m2\repository\javax\xml\bind\jaxb-api\2.3.1\jaxb-api-2.3.1.jar;C:\Users\Admin\.m2\repository\org\glassfish\jaxb\jaxb-runtime\2.3.1\jaxb-runtime-2.3.1.jar;C:\Users\Admin\.m2\repository\org\glassfish\jaxb\txw2\2.3.1\txw2-2.3.1.jar;C:\Users\Admin\.m2\repository\com\sun\istack\istack-commons-runtime\3.0.7\istack-commons-runtime-3.0.7.jar;C:\Users\Admin\.m2\repository\org\jvnet\staxex\stax-ex\1.8\stax-ex-1.8.jar;C:\Users\Admin\.m2\repository\com\sun\xml\fastinfoset\FastInfoset\1.2.15\FastInfoset-1.2.15.jar;C:\Users\Admin\.m2\repository\mysql\mysql-connector-java\8.0.29\mysql-connector-java-8.0.29.jar;C:\Users\Admin\.m2\repository\com\google\protobuf\protobuf-java\3.19.4\protobuf-java-3.19.4.jar;C:\Users\Admin\.m2\repository\javax\persistence\javax.persistence-api\2.2\javax.persistence-api-2.2.jar;C:\Users\Admin\.m2\repository\junit\junit\4.13.2\junit-4.13.2.jar;C:\Users\Admin\.m2\repository\org\hamcrest\hamcrest-core\1.3\hamcrest-core-1.3.jar;"/>
    <property name="java.vm.vendor" value="Eclipse Adoptium"/>
    <property name="sun.arch.data.model" value="64"/>
    <property name="user.variant" value=""/>
    <property name="java.vendor.url" value="https://adoptium.net/"/>
    <property name="user.timezone" value="Africa/Casablanca"/>
    <property name="os.name" value="Windows 11"/>
    <property name="java.vm.specification.version" value="21"/>
    <property name="sun.java.launcher" value="SUN_STANDARD"/>
    <property name="user.country" value="US"/>
    <property name="sun.boot.library.path" value="C:\Users\Admin\.p2\pool\plugins\org.eclipse.justj.openjdk.hotspot.jre.full.win32.x86_64_21.0.7.v20250502-0916\jre\bin"/>
    <property name="sun.java.command" value="C:\Users\Admin\AppData\Local\Temp\surefire9673928015941235001\surefirebooter-20251016205602361_3.jar C:\Users\Admin\AppData\Local\Temp\surefire9673928015941235001 2025-10-16T20-56-02_094-jvmRun1 surefire-20251016205602361_1tmp surefire_0-20251016205602361_2tmp"/>
    <property name="jdk.debug" value="release"/>
    <property name="surefire.test.class.path" value="C:\Users\Admin\eclipse-workspace\hibernate11\target\test-classes;C:\Users\Admin\eclipse-workspace\hibernate11\target\classes;C:\Users\Admin\.m2\repository\org\hibernate\hibernate-core\5.6.9.Final\hibernate-core-5.6.9.Final.jar;C:\Users\Admin\.m2\repository\org\jboss\logging\jboss-logging\3.4.3.Final\jboss-logging-3.4.3.Final.jar;C:\Users\Admin\.m2\repository\net\bytebuddy\byte-buddy\1.12.9\byte-buddy-1.12.9.jar;C:\Users\Admin\.m2\repository\antlr\antlr\2.7.7\antlr-2.7.7.jar;C:\Users\Admin\.m2\repository\org\jboss\spec\javax\transaction\jboss-transaction-api_1.2_spec\1.1.1.Final\jboss-transaction-api_1.2_spec-1.1.1.Final.jar;C:\Users\Admin\.m2\repository\org\jboss\jandex\2.4.2.Final\jandex-2.4.2.Final.jar;C:\Users\Admin\.m2\repository\com\fasterxml\classmate\1.5.1\classmate-1.5.1.jar;C:\Users\Admin\.m2\repository\javax\activation\javax.activation-api\1.2.0\javax.activation-api-1.2.0.jar;C:\Users\Admin\.m2\repository\org\hibernate\common\hibernate-commons-annotations\5.1.2.Final\hibernate-commons-annotations-5.1.2.Final.jar;C:\Users\Admin\.m2\repository\javax\xml\bind\jaxb-api\2.3.1\jaxb-api-2.3.1.jar;C:\Users\Admin\.m2\repository\org\glassfish\jaxb\jaxb-runtime\2.3.1\jaxb-runtime-2.3.1.jar;C:\Users\Admin\.m2\repository\org\glassfish\jaxb\txw2\2.3.1\txw2-2.3.1.jar;C:\Users\Admin\.m2\repository\com\sun\istack\istack-commons-runtime\3.0.7\istack-commons-runtime-3.0.7.jar;C:\Users\Admin\.m2\repository\org\jvnet\staxex\stax-ex\1.8\stax-ex-1.8.jar;C:\Users\Admin\.m2\repository\com\sun\xml\fastinfoset\FastInfoset\1.2.15\FastInfoset-1.2.15.jar;C:\Users\Admin\.m2\repository\mysql\mysql-connector-java\8.0.29\mysql-connector-java-8.0.29.jar;C:\Users\Admin\.m2\repository\com\google\protobuf\protobuf-java\3.19.4\protobuf-java-3.19.4.jar;C:\Users\Admin\.m2\repository\javax\persistence\javax.persistence-api\2.2\javax.persistence-api-2.2.jar;C:\Users\Admin\.m2\repository\junit\junit\4.13.2\junit-4.13.2.jar;C:\Users\Admin\.m2\repository\org\hamcrest\hamcrest-core\1.3\hamcrest-core-1.3.jar;"/>
    <property name="sun.cpu.endian" value="little"/>
    <property name="user.home" value="C:\Users\Admin"/>
    <property name="user.language" value="en"/>
    <property name="java.specification.vendor" value="Oracle Corporation"/>
    <property name="java.version.date" value="2025-04-15"/>
    <property name="java.home" value="C:\Users\Admin\.p2\pool\plugins\org.eclipse.justj.openjdk.hotspot.jre.full.win32.x86_64_21.0.7.v20250502-0916\jre"/>
    <property name="file.separator" value="\"/>
    <property name="basedir" value="C:\Users\Admin\eclipse-workspace\hibernate11"/>
    <property name="style.color" value="always"/>
    <property name="java.vm.compressedOopsMode" value="Zero based"/>
    <property name="line.separator" value="&#10;"/>
    <property name="java.vm.specification.vendor" value="Oracle Corporation"/>
    <property name="java.specification.name" value="Java Platform API Specification"/>
    <property name="surefire.real.class.path" value="C:\Users\Admin\AppData\Local\Temp\surefire9673928015941235001\surefirebooter-20251016205602361_3.jar"/>
    <property name="user.script" value=""/>
    <property name="sun.management.compiler" value="HotSpot 64-Bit Tiered Compilers"/>
    <property name="java.runtime.version" value="21.0.7+6-LTS"/>
    <property name="user.name" value="Admin"/>
    <property name="stdout.encoding" value="Cp1252"/>
    <property name="path.separator" value=";"/>
    <property name="os.version" value="10.0"/>
    <property name="java.runtime.name" value="OpenJDK Runtime Environment"/>
    <property name="file.encoding" value="UTF-8"/>
    <property name="java.vm.name" value="OpenJDK 64-Bit Server VM"/>
    <property name="java.vendor.version" value="Temurin-21.0.7+6"/>
    <property name="localRepository" value="C:\Users\Admin\.m2\repository"/>
    <property name="java.vendor.url.bug" value="https://github.com/adoptium/adoptium-support/issues"/>
    <property name="java.io.tmpdir" value="C:\Users\Admin\AppData\Local\Temp\"/>
    <property name="java.version" value="21.0.7"/>
    <property name="user.dir" value="C:\Users\Admin\eclipse-workspace\hibernate11"/>
    <property name="os.arch" value="amd64"/>
    <property name="java.vm.specification.name" value="Java Virtual Machine Specification"/>
    <property name="sun.os.patch.level" value=""/>
    <property name="native.encoding" value="Cp1252"/>
    <property name="java.library.path" value="C:\Users\Admin\.p2\pool\plugins\org.eclipse.justj.openjdk.hotspot.jre.full.win32.x86_64_21.0.7.v20250502-0916\jre\bin;C:\WINDOWS\Sun\Java\bin;C:\WINDOWS\system32;C:\WINDOWS;C:/Users/Admin/.p2/pool/plugins/org.eclipse.justj.openjdk.hotspot.jre.full.win32.x86_64_21.0.7.v20250502-0916/jre/bin/server;C:/Users/Admin/.p2/pool/plugins/org.eclipse.justj.openjdk.hotspot.jre.full.win32.x86_64_21.0.7.v20250502-0916/jre/bin;C:\Python313\Scripts\;C:\Python313\;C:\Program Files\Common Files\Oracle\Java\javapath;C:\App\Admin\WINDOWS.X64_193000_db_home\bin;C:\WINDOWS\system32;C:\WINDOWS;C:\WINDOWS\System32\Wbem;C:\WINDOWS\System32\WindowsPowerShell\v1.0\;C:\WINDOWS\System32\OpenSSH\;C:\Program Files\Git\cmd;C:\Program Files\Docker\Docker\resources\bin;C:\Program Files (x86)\Microsoft SQL Server\160\Tools\Binn\;C:\Program Files\Microsoft SQL Server\160\Tools\Binn\;C:\Program Files\Microsoft SQL Server\Client SDK\ODBC\170\Tools\Binn\;C:\Program Files\Microsoft SQL Server\160\DTS\Binn\;C:\Program Files\CMake\bin;C:\Program Files\Microsoft SQL Server\150\Tools\Binn\;C:\Program Files\dotnet\;C:\Program Files (x86)\Windows Kits\10\Windows Performance Toolkit\;C:\Program Files\PostgreSQL\17\bin;C:\Program Files\apache-maven-3.9.11\bin;C:\Program Files\nodejs\;C:\ProgramData\chocolatey\bin;C:\Program Files\nodejs\;C:\Users\Admin\Downloads\flutter_windows_3.35.5-stable\flutter\bin;C:\Users\Admin\AppData\Local\Programs\Python\Python312\Scripts\;C:\Users\Admin\AppData\Local\Programs\Python\Python312\;C:\Program Files\MySQL\MySQL Shell 8.0\bin\;C:\Users\Admin\AppData\Local\Microsoft\WindowsApps;C:\Users\Admin\AppData\Local\Programs\Microsoft VS Code\bin;C:\Users\Admin\.dotnet\tools;C:\Users\Admin\AppData\Local\Programs\cursor\resources\app\bin;C:\Users\Admin\AppData\Local\GitHubDesktop\bin;C:\Users\Admin\AppData\Roaming\npm;C:\Program Files (x86)\Nmap;C:\WINDOWS\System32;;."/>
    <property name="java.vm.info" value="mixed mode, sharing"/>
    <property name="stderr.encoding" value="Cp1252"/>
    <property name="java.vendor" value="Eclipse Adoptium"/>
    <property name="java.vm.version" value="21.0.7+6-LTS"/>
    <property name="sun.io.unicode.encoding" value="UnicodeLittle"/>
    <property name="java.class.version" value="65.0"/>
  </properties>
  <testcase name="testFindBetweenDate" classname="hibernate11.MachineServiceTest" time="2.98">
    <system-out><![CDATA[Hibernate: 
    
    alter table Machine 
       drop 
       foreign key FK786nphvfkoy6qo2959vhnwwya
Hibernate: 
    
    drop table if exists Machine
Hibernate: 
    
    drop table if exists salles
Hibernate: 
    
    create table Machine (
       id integer not null auto_increment,
        dateAchat date,
        ref varchar(255),
        salle_id integer,
        primary key (id)
    ) engine=InnoDB
Hibernate: 
    
    create table salles (
       id integer not null auto_increment,
        code varchar(255),
        primary key (id)
    ) engine=InnoDB
Hibernate: 
    
    alter table Machine 
       add constraint FK786nphvfkoy6qo2959vhnwwya 
       foreign key (salle_id) 
       references salles (id)
Hibernate: 
    insert 
    into
        salles
        (code) 
    values
        (?)
Hibernate: 
    insert 
    into
        Machine
        (dateAchat, ref, salle_id) 
    values
        (?, ?, ?)
Hibernate: 
    select
        machine0_.id as id1_0_,
        machine0_.dateAchat as dateacha2_0_,
        machine0_.ref as ref3_0_,
        machine0_.salle_id as salle_id4_0_ 
    from
        Machine machine0_ 
    where
        machine0_.dateAchat between ? and ?
Hibernate: 
    select
        salle0_.id as id1_1_0_,
        salle0_.code as code2_1_0_,
        machines1_.salle_id as salle_id4_0_1_,
        machines1_.id as id1_0_1_,
        machines1_.id as id1_0_2_,
        machines1_.dateAchat as dateacha2_0_2_,
        machines1_.ref as ref3_0_2_,
        machines1_.salle_id as salle_id4_0_2_ 
    from
        salles salle0_ 
    left outer join
        Machine machines1_ 
            on salle0_.id=machines1_.salle_id 
    where
        salle0_.id=?
Hibernate: 
    select
        machine0_.id as id1_0_0_,
        machine0_.dateAchat as dateacha2_0_0_,
        machine0_.ref as ref3_0_0_,
        machine0_.salle_id as salle_id4_0_0_,
        salle1_.id as id1_1_1_,
        salle1_.code as code2_1_1_ 
    from
        Machine machine0_ 
    left outer join
        salles salle1_ 
            on machine0_.salle_id=salle1_.id 
    where
        machine0_.id=?
Hibernate: 
    select
        machines0_.salle_id as salle_id4_0_0_,
        machines0_.id as id1_0_0_,
        machines0_.id as id1_0_1_,
        machines0_.dateAchat as dateacha2_0_1_,
        machines0_.ref as ref3_0_1_,
        machines0_.salle_id as salle_id4_0_1_ 
    from
        Machine machines0_ 
    where
        machines0_.salle_id=?
Hibernate: 
    delete 
    from
        Machine 
    where
        id=?
Hibernate: 
    select
        salle0_.id as id1_1_0_,
        salle0_.code as code2_1_0_,
        machines1_.salle_id as salle_id4_0_1_,
        machines1_.id as id1_0_1_,
        machines1_.id as id1_0_2_,
        machines1_.dateAchat as dateacha2_0_2_,
        machines1_.ref as ref3_0_2_,
        machines1_.salle_id as salle_id4_0_2_ 
    from
        salles salle0_ 
    left outer join
        Machine machines1_ 
            on salle0_.id=machines1_.salle_id 
    where
        salle0_.id=?
Hibernate: 
    delete 
    from
        salles 
    where
        id=?
]]></system-out>
    <system-err><![CDATA[Oct 16, 2025 8:56:03 PM org.hibernate.Version logVersion
INFO: HHH000412: Hibernate ORM core version 5.6.9.Final
Oct 16, 2025 8:56:03 PM org.hibernate.boot.jaxb.internal.stax.LocalXmlResourceResolver resolveEntity
WARN: HHH90000012: Recognized obsolete hibernate namespace http://hibernate.sourceforge.net/hibernate-configuration. Use namespace http://www.hibernate.org/dtd/hibernate-configuration instead.  Support for obsolete DTD/XSD namespaces may be removed at any time.
Oct 16, 2025 8:56:03 PM org.hibernate.annotations.common.reflection.java.JavaReflectionManager <clinit>
INFO: HCANN000001: Hibernate Commons Annotations {5.1.2.Final}
Oct 16, 2025 8:56:04 PM org.hibernate.engine.jdbc.connections.internal.DriverManagerConnectionProviderImpl configure
WARN: HHH10001002: Using Hibernate built-in connection pool (not for production use!)
Oct 16, 2025 8:56:04 PM org.hibernate.engine.jdbc.connections.internal.DriverManagerConnectionProviderImpl buildCreator
INFO: HHH10001005: using driver [com.mysql.cj.jdbc.Driver] at URL [jdbc:mysql://localhost:3306/base?createDatabaseIfNotExist=true&useSSL=false&serverTimezone=UTC]
Oct 16, 2025 8:56:04 PM org.hibernate.engine.jdbc.connections.internal.DriverManagerConnectionProviderImpl buildCreator
INFO: HHH10001001: Connection properties: {password=****, user=root}
Oct 16, 2025 8:56:04 PM org.hibernate.engine.jdbc.connections.internal.DriverManagerConnectionProviderImpl buildCreator
INFO: HHH10001003: Autocommit mode: false
Oct 16, 2025 8:56:04 PM org.hibernate.engine.jdbc.connections.internal.DriverManagerConnectionProviderImpl$PooledConnections <init>
INFO: HHH000115: Hibernate connection pool size: 20 (min=1)
Oct 16, 2025 8:56:04 PM org.hibernate.dialect.Dialect <init>
INFO: HHH000400: Using dialect: org.hibernate.dialect.MySQL8Dialect
Oct 16, 2025 8:56:05 PM org.hibernate.resource.transaction.backend.jdbc.internal.DdlTransactionIsolatorNonJtaImpl getIsolatedConnection
INFO: HHH10001501: Connection obtained from JdbcConnectionAccess [org.hibernate.engine.jdbc.env.internal.JdbcEnvironmentInitiator$ConnectionProviderJdbcConnectionAccess@7c0777b5] for (non-JTA) DDL execution was not in auto-commit mode; the Connection 'local transaction' will be committed and the Connection will be set into auto-commit mode.
Oct 16, 2025 8:56:05 PM org.hibernate.tool.schema.internal.ExceptionHandlerLoggedImpl handleException
WARN: GenerationTarget encountered exception accepting command : Error executing DDL "
    alter table Machine 
       drop 
       foreign key FK786nphvfkoy6qo2959vhnwwya" via JDBC Statement
org.hibernate.tool.schema.spi.CommandAcceptanceException: Error executing DDL "
    alter table Machine 
       drop 
       foreign key FK786nphvfkoy6qo2959vhnwwya" via JDBC Statement
	at org.hibernate.tool.schema.internal.exec.GenerationTargetToDatabase.accept(GenerationTargetToDatabase.java:67)
	at org.hibernate.tool.schema.internal.SchemaDropperImpl.applySqlString(SchemaDropperImpl.java:387)
	at org.hibernate.tool.schema.internal.SchemaDropperImpl.applySqlStrings(SchemaDropperImpl.java:371)
	at org.hibernate.tool.schema.internal.SchemaDropperImpl.applyConstraintDropping(SchemaDropperImpl.java:341)
	at org.hibernate.tool.schema.internal.SchemaDropperImpl.dropFromMetadata(SchemaDropperImpl.java:235)
	at org.hibernate.tool.schema.internal.SchemaDropperImpl.performDrop(SchemaDropperImpl.java:156)
	at org.hibernate.tool.schema.internal.SchemaDropperImpl.doDrop(SchemaDropperImpl.java:128)
	at org.hibernate.tool.schema.internal.SchemaDropperImpl.doDrop(SchemaDropperImpl.java:114)
	at org.hibernate.tool.schema.spi.SchemaManagementToolCoordinator.performDatabaseAction(SchemaManagementToolCoordinator.java:157)
	at org.hibernate.tool.schema.spi.SchemaManagementToolCoordinator.process(SchemaManagementToolCoordinator.java:85)
	at org.hibernate.internal.SessionFactoryImpl.<init>(SessionFactoryImpl.java:335)
	at org.hibernate.boot.internal.SessionFactoryBuilderImpl.build(SessionFactoryBuilderImpl.java:471)
	at org.hibernate.cfg.Configuration.buildSessionFactory(Configuration.java:728)
	at org.hibernate.cfg.Configuration.buildSessionFactory(Configuration.java:746)
	at util.HibernateUtil.<clinit>(HibernateUtil.java:13)
	at services.SalleService.create(SalleService.java:20)
	at hibernate11.MachineServiceTest.setUp(MachineServiceTest.java:30)
	at java.base/jdk.internal.reflect.DirectMethodHandleAccessor.invoke(DirectMethodHandleAccessor.java:103)
	at java.base/java.lang.reflect.Method.invoke(Method.java:580)
	at org.junit.runners.model.FrameworkMethod$1.runReflectiveCall(FrameworkMethod.java:59)
	at org.junit.internal.runners.model.ReflectiveCallable.run(ReflectiveCallable.java:12)
	at org.junit.runners.model.FrameworkMethod.invokeExplosively(FrameworkMethod.java:56)
	at org.junit.internal.runners.statements.RunBefores.invokeMethod(RunBefores.java:33)
	at org.junit.internal.runners.statements.RunBefores.evaluate(RunBefores.java:24)
	at org.junit.internal.runners.statements.RunAfters.evaluate(RunAfters.java:27)
	at org.junit.runners.ParentRunner$3.evaluate(ParentRunner.java:306)
	at org.junit.runners.BlockJUnit4ClassRunner$1.evaluate(BlockJUnit4ClassRunner.java:100)
	at org.junit.runners.ParentRunner.runLeaf(ParentRunner.java:366)
	at org.junit.runners.BlockJUnit4ClassRunner.runChild(BlockJUnit4ClassRunner.java:103)
	at org.junit.runners.BlockJUnit4ClassRunner.runChild(BlockJUnit4ClassRunner.java:63)
	at org.junit.runners.ParentRunner$4.run(ParentRunner.java:331)
	at org.junit.runners.ParentRunner$1.schedule(ParentRunner.java:79)
	at org.junit.runners.ParentRunner.runChildren(ParentRunner.java:329)
	at org.junit.runners.ParentRunner.access$100(ParentRunner.java:66)
	at org.junit.runners.ParentRunner$2.evaluate(ParentRunner.java:293)
	at org.junit.runners.ParentRunner$3.evaluate(ParentRunner.java:306)
	at org.junit.runners.ParentRunner.run(ParentRunner.java:413)
	at org.apache.maven.surefire.junit4.JUnit4Provider.execute(JUnit4Provider.java:316)
	at org.apache.maven.surefire.junit4.JUnit4Provider.executeWithRerun(JUnit4Provider.java:240)
	at org.apache.maven.surefire.junit4.JUnit4Provider.executeTestSet(JUnit4Provider.java:214)
	at org.apache.maven.surefire.junit4.JUnit4Provider.invoke(JUnit4Provider.java:155)
	at org.apache.maven.surefire.booter.ForkedBooter.runSuitesInProcess(ForkedBooter.java:385)
	at org.apache.maven.surefire.booter.ForkedBooter.execute(ForkedBooter.java:162)
	at org.apache.maven.surefire.booter.ForkedBooter.run(ForkedBooter.java:507)
	at org.apache.maven.surefire.booter.ForkedBooter.main(ForkedBooter.java:495)
Caused by: java.sql.SQLSyntaxErrorException: Table 'base.machine' doesn't exist
	at com.mysql.cj.jdbc.exceptions.SQLError.createSQLException(SQLError.java:120)
	at com.mysql.cj.jdbc.exceptions.SQLExceptionsMapping.translateException(SQLExceptionsMapping.java:122)
	at com.mysql.cj.jdbc.StatementImpl.executeInternal(StatementImpl.java:763)
	at com.mysql.cj.jdbc.StatementImpl.execute(StatementImpl.java:648)
	at org.hibernate.tool.schema.internal.exec.GenerationTargetToDatabase.accept(GenerationTargetToDatabase.java:54)
	... 44 more

Oct 16, 2025 8:56:05 PM org.hibernate.resource.transaction.backend.jdbc.internal.DdlTransactionIsolatorNonJtaImpl getIsolatedConnection
INFO: HHH10001501: Connection obtained from JdbcConnectionAccess [org.hibernate.engine.jdbc.env.internal.JdbcEnvironmentInitiator$ConnectionProviderJdbcConnectionAccess@203d1d93] for (non-JTA) DDL execution was not in auto-commit mode; the Connection 'local transaction' will be committed and the Connection will be set into auto-commit mode.
Oct 16, 2025 8:56:05 PM org.hibernate.engine.transaction.jta.platform.internal.JtaPlatformInitiator initiateService
INFO: HHH000490: Using JtaPlatform implementation: [org.hibernate.engine.transaction.jta.platform.internal.NoJtaPlatform]
]]></system-err>
  </testcase>
  <testcase name="testFindById" classname="hibernate11.MachineServiceTest" time="0.058">
    <system-out><![CDATA[Hibernate: 
    insert 
    into
        salles
        (code) 
    values
        (?)
Hibernate: 
    insert 
    into
        Machine
        (dateAchat, ref, salle_id) 
    values
        (?, ?, ?)
Hibernate: 
    select
        machine0_.id as id1_0_0_,
        machine0_.dateAchat as dateacha2_0_0_,
        machine0_.ref as ref3_0_0_,
        machine0_.salle_id as salle_id4_0_0_,
        salle1_.id as id1_1_1_,
        salle1_.code as code2_1_1_ 
    from
        Machine machine0_ 
    left outer join
        salles salle1_ 
            on machine0_.salle_id=salle1_.id 
    where
        machine0_.id=?
Hibernate: 
    select
        machines0_.salle_id as salle_id4_0_0_,
        machines0_.id as id1_0_0_,
        machines0_.id as id1_0_1_,
        machines0_.dateAchat as dateacha2_0_1_,
        machines0_.ref as ref3_0_1_,
        machines0_.salle_id as salle_id4_0_1_ 
    from
        Machine machines0_ 
    where
        machines0_.salle_id=?
Hibernate: 
    select
        machine0_.id as id1_0_0_,
        machine0_.dateAchat as dateacha2_0_0_,
        machine0_.ref as ref3_0_0_,
        machine0_.salle_id as salle_id4_0_0_,
        salle1_.id as id1_1_1_,
        salle1_.code as code2_1_1_ 
    from
        Machine machine0_ 
    left outer join
        salles salle1_ 
            on machine0_.salle_id=salle1_.id 
    where
        machine0_.id=?
Hibernate: 
    select
        machines0_.salle_id as salle_id4_0_0_,
        machines0_.id as id1_0_0_,
        machines0_.id as id1_0_1_,
        machines0_.dateAchat as dateacha2_0_1_,
        machines0_.ref as ref3_0_1_,
        machines0_.salle_id as salle_id4_0_1_ 
    from
        Machine machines0_ 
    where
        machines0_.salle_id=?
Hibernate: 
    delete 
    from
        Machine 
    where
        id=?
Hibernate: 
    select
        salle0_.id as id1_1_0_,
        salle0_.code as code2_1_0_,
        machines1_.salle_id as salle_id4_0_1_,
        machines1_.id as id1_0_1_,
        machines1_.id as id1_0_2_,
        machines1_.dateAchat as dateacha2_0_2_,
        machines1_.ref as ref3_0_2_,
        machines1_.salle_id as salle_id4_0_2_ 
    from
        salles salle0_ 
    left outer join
        Machine machines1_ 
            on salle0_.id=machines1_.salle_id 
    where
        salle0_.id=?
Hibernate: 
    delete 
    from
        salles 
    where
        id=?
]]></system-out>
  </testcase>
  <testcase name="testCreate" classname="hibernate11.MachineServiceTest" time="0.048">
    <system-out><![CDATA[Hibernate: 
    insert 
    into
        salles
        (code) 
    values
        (?)
Hibernate: 
    insert 
    into
        Machine
        (dateAchat, ref, salle_id) 
    values
        (?, ?, ?)
Hibernate: 
    select
        machine0_.id as id1_0_0_,
        machine0_.dateAchat as dateacha2_0_0_,
        machine0_.ref as ref3_0_0_,
        machine0_.salle_id as salle_id4_0_0_,
        salle1_.id as id1_1_1_,
        salle1_.code as code2_1_1_ 
    from
        Machine machine0_ 
    left outer join
        salles salle1_ 
            on machine0_.salle_id=salle1_.id 
    where
        machine0_.id=?
Hibernate: 
    select
        machines0_.salle_id as salle_id4_0_0_,
        machines0_.id as id1_0_0_,
        machines0_.id as id1_0_1_,
        machines0_.dateAchat as dateacha2_0_1_,
        machines0_.ref as ref3_0_1_,
        machines0_.salle_id as salle_id4_0_1_ 
    from
        Machine machines0_ 
    where
        machines0_.salle_id=?
Hibernate: 
    delete 
    from
        Machine 
    where
        id=?
Hibernate: 
    select
        salle0_.id as id1_1_0_,
        salle0_.code as code2_1_0_,
        machines1_.salle_id as salle_id4_0_1_,
        machines1_.id as id1_0_1_,
        machines1_.id as id1_0_2_,
        machines1_.dateAchat as dateacha2_0_2_,
        machines1_.ref as ref3_0_2_,
        machines1_.salle_id as salle_id4_0_2_ 
    from
        salles salle0_ 
    left outer join
        Machine machines1_ 
            on salle0_.id=machines1_.salle_id 
    where
        salle0_.id=?
Hibernate: 
    delete 
    from
        salles 
    where
        id=?
]]></system-out>
  </testcase>
  <testcase name="testDelete" classname="hibernate11.MachineServiceTest" time="0.057">
    <system-out><![CDATA[Hibernate: 
    insert 
    into
        salles
        (code) 
    values
        (?)
Hibernate: 
    insert 
    into
        Machine
        (dateAchat, ref, salle_id) 
    values
        (?, ?, ?)
Hibernate: 
    delete 
    from
        Machine 
    where
        id=?
Hibernate: 
    select
        machine0_.id as id1_0_0_,
        machine0_.dateAchat as dateacha2_0_0_,
        machine0_.ref as ref3_0_0_,
        machine0_.salle_id as salle_id4_0_0_,
        salle1_.id as id1_1_1_,
        salle1_.code as code2_1_1_ 
    from
        Machine machine0_ 
    left outer join
        salles salle1_ 
            on machine0_.salle_id=salle1_.id 
    where
        machine0_.id=?
Hibernate: 
    select
        machine0_.id as id1_0_0_,
        machine0_.dateAchat as dateacha2_0_0_,
        machine0_.ref as ref3_0_0_,
        machine0_.salle_id as salle_id4_0_0_,
        salle1_.id as id1_1_1_,
        salle1_.code as code2_1_1_ 
    from
        Machine machine0_ 
    left outer join
        salles salle1_ 
            on machine0_.salle_id=salle1_.id 
    where
        machine0_.id=?
Hibernate: 
    select
        salle0_.id as id1_1_0_,
        salle0_.code as code2_1_0_,
        machines1_.salle_id as salle_id4_0_1_,
        machines1_.id as id1_0_1_,
        machines1_.id as id1_0_2_,
        machines1_.dateAchat as dateacha2_0_2_,
        machines1_.ref as ref3_0_2_,
        machines1_.salle_id as salle_id4_0_2_ 
    from
        salles salle0_ 
    left outer join
        Machine machines1_ 
            on salle0_.id=machines1_.salle_id 
    where
        salle0_.id=?
Hibernate: 
    delete 
    from
        salles 
    where
        id=?
]]></system-out>
  </testcase>
  <testcase name="testUpdate" classname="hibernate11.MachineServiceTest" time="0.069">
    <system-out><![CDATA[Hibernate: 
    insert 
    into
        salles
        (code) 
    values
        (?)
Hibernate: 
    insert 
    into
        Machine
        (dateAchat, ref, salle_id) 
    values
        (?, ?, ?)
Hibernate: 
    update
        Machine 
    set
        dateAchat=?,
        ref=?,
        salle_id=? 
    where
        id=?
Hibernate: 
    select
        machine0_.id as id1_0_0_,
        machine0_.dateAchat as dateacha2_0_0_,
        machine0_.ref as ref3_0_0_,
        machine0_.salle_id as salle_id4_0_0_,
        salle1_.id as id1_1_1_,
        salle1_.code as code2_1_1_ 
    from
        Machine machine0_ 
    left outer join
        salles salle1_ 
            on machine0_.salle_id=salle1_.id 
    where
        machine0_.id=?
Hibernate: 
    select
        machines0_.salle_id as salle_id4_0_0_,
        machines0_.id as id1_0_0_,
        machines0_.id as id1_0_1_,
        machines0_.dateAchat as dateacha2_0_1_,
        machines0_.ref as ref3_0_1_,
        machines0_.salle_id as salle_id4_0_1_ 
    from
        Machine machines0_ 
    where
        machines0_.salle_id=?
Hibernate: 
    select
        machine0_.id as id1_0_0_,
        machine0_.dateAchat as dateacha2_0_0_,
        machine0_.ref as ref3_0_0_,
        machine0_.salle_id as salle_id4_0_0_,
        salle1_.id as id1_1_1_,
        salle1_.code as code2_1_1_ 
    from
        Machine machine0_ 
    left outer join
        salles salle1_ 
            on machine0_.salle_id=salle1_.id 
    where
        machine0_.id=?
Hibernate: 
    select
        machines0_.salle_id as salle_id4_0_0_,
        machines0_.id as id1_0_0_,
        machines0_.id as id1_0_1_,
        machines0_.dateAchat as dateacha2_0_1_,
        machines0_.ref as ref3_0_1_,
        machines0_.salle_id as salle_id4_0_1_ 
    from
        Machine machines0_ 
    where
        machines0_.salle_id=?
Hibernate: 
    delete 
    from
        Machine 
    where
        id=?
Hibernate: 
    select
        salle0_.id as id1_1_0_,
        salle0_.code as code2_1_0_,
        machines1_.salle_id as salle_id4_0_1_,
        machines1_.id as id1_0_1_,
        machines1_.id as id1_0_2_,
        machines1_.dateAchat as dateacha2_0_2_,
        machines1_.ref as ref3_0_2_,
        machines1_.salle_id as salle_id4_0_2_ 
    from
        salles salle0_ 
    left outer join
        Machine machines1_ 
            on salle0_.id=machines1_.salle_id 
    where
        salle0_.id=?
Hibernate: 
    delete 
    from
        salles 
    where
        id=?
]]></system-out>
  </testcase>
</testsuite>