<?xml version="1.0" encoding="UTF-8"?>
<testsuite xmlns:xsi="http://www.w3.org/2001/XMLSchema-instance" xsi:noNamespaceSchemaLocation="https://maven.apache.org/surefire/maven-surefire-plugin/xsd/surefire-test-report-3.0.xsd" version="3.0" name="hibernate11.SalleServiceTest" time="0.012" tests="5" errors="0" skipped="0" failures="0">
  <properties>
    <property name="java.specification.version" value="21"/>
    <property name="sun.cpu.isalist" value="amd64"/>
    <property name="sun.jnu.encoding" value="Cp1252"/>
    <property name="java.class.path" value="C:\Users\Admin\eclipse-workspace\hibernate11\target\test-classes;C:\Users\Admin\eclipse-workspace\hibernate11\target\classes;C:\Users\Admin\.m2\repository\org\hibernate\hibernate-core\5.6.9.Final\hibernate-core-5.6.9.Final.jar;C:\Users\Admin\.m2\repository\org\jboss\logging\jboss-logging\3.4.3.Final\jboss-logging-3.4.3.Final.jar;C:\Users\Admin\.m2\repository\net\bytebuddy\byte-buddy\1.12.9\byte-buddy-1.12.9.jar;C:\Users\Admin\.m2\repository\antlr\antlr\2.7.7\antlr-2.7.7.jar;C:\Users\Admin\.m2\repository\org\jboss\spec\javax\transaction\jboss-transaction-api_1.2_spec\1.1.1.Final\jboss-transaction-api_1.2_spec-1.1.1.Final.jar;C:\Users\Admin\.m2\repository\org\jboss\jandex\2.4.2.Final\jandex-2.4.2.Final.jar;C:\Users\Admin\.m2\repository\com\fasterxml\classmate\1.5.1\classmate-1.5.1.jar;C:\Users\Admin\.m2\repository\javax\activation\javax.activation-api\1.2.0\javax.activation-api-1.2.0.jar;C:\Users\Admin\.m2\repository\org\hibernate\common\hibernate-commons-annotations\5.1.2.Final\hibernate-commons-annotations-5.1.2.Final.jar;C:\Users\Admin\.m2\repository\javax\xml\bind\jaxb-api\2.3.1\jaxb-api-2.3.1.jar;C:\Users\Admin\.m2\repository\org\glassfish\jaxb\jaxb-runtime\2.3.1\jaxb-runtime-2.3.1.jar;C:\Users\Admin\.m2\repository\org\glassfish\jaxb\txw2\2.3.1\txw2-2.3.1.jar;C:\Users\Admin\.m2\repository\com\sun\istack\istack-commons-runtime\3.0.7\istack-commons-runtime-3.0.7.jar;C:\Users\Admin\.m2\repository\org\jvnet\staxex\stax-ex\1.8\stax-ex-1.8.jar;C:\Users\Admin\.m2\repository\com\sun\xml\fastinfoset\FastInfoset\1.2.15\FastInfoset-1.2.15.jar;C:\Users\Admin\.m2\repository\mysql\mysql-connector-java\8.0.29\mysql-connector-java-8.0.29.jar;C:\Users\Admin\.m2\repository\com\google\protobuf\protobuf-java\3.19.4\protobuf-java-3.19.4.jar;C:\Users\Admin\.m2\repository\javax\persistence\javax.persistence-api\2.2\javax.persistence-api-2.2.jar;C:\Users\Admin\.m2\repository\junit\junit\4.13.2\junit-4.13.2.jar;C:\Users\Admin\.m2\repository\org\hamcrest\hamcrest-core\1.3\hamcrest-core-1.3.jar;"/>
    <property name="java.vm.vendor" value="Eclipse Adoptium"/>
    <property name="sun.arch.data.model" value="64"/>
    <property name="user.variant" value=""/>
    <property name="java.vendor.url" value="https://adoptium.net/"/>
    <property name="user.timezone" value="Africa/Casablanca"/>
    <property name="os.name" value="Windows 11"/>
    <property name="java.vm.specification.version" value="21"/>
    <property name="sun.java.launcher" value="SUN_STANDARD"/>
    <property name="user.country" value="US"/>
    <property name="sun.boot.library.path" value="C:\Users\Admin\.p2\pool\plugins\org.eclipse.justj.openjdk.hotspot.jre.full.win32.x86_64_21.0.7.v20250502-0916\jre\bin"/>
    <property name="sun.java.command" value="C:\Users\Admin\AppData\Local\Temp\surefire9673928015941235001\surefirebooter-20251016205602361_3.jar C:\Users\Admin\AppData\Local\Temp\surefire9673928015941235001 2025-10-16T20-56-02_094-jvmRun1 surefire-20251016205602361_1tmp surefire_0-20251016205602361_2tmp"/>
    <property name="jdk.debug" value="release"/>
    <property name="surefire.test.class.path" value="C:\Users\Admin\eclipse-workspace\hibernate11\target\test-classes;C:\Users\Admin\eclipse-workspace\hibernate11\target\classes;C:\Users\Admin\.m2\repository\org\hibernate\hibernate-core\5.6.9.Final\hibernate-core-5.6.9.Final.jar;C:\Users\Admin\.m2\repository\org\jboss\logging\jboss-logging\3.4.3.Final\jboss-logging-3.4.3.Final.jar;C:\Users\Admin\.m2\repository\net\bytebuddy\byte-buddy\1.12.9\byte-buddy-1.12.9.jar;C:\Users\Admin\.m2\repository\antlr\antlr\2.7.7\antlr-2.7.7.jar;C:\Users\Admin\.m2\repository\org\jboss\spec\javax\transaction\jboss-transaction-api_1.2_spec\1.1.1.Final\jboss-transaction-api_1.2_spec-1.1.1.Final.jar;C:\Users\Admin\.m2\repository\org\jboss\jandex\2.4.2.Final\jandex-2.4.2.Final.jar;C:\Users\Admin\.m2\repository\com\fasterxml\classmate\1.5.1\classmate-1.5.1.jar;C:\Users\Admin\.m2\repository\javax\activation\javax.activation-api\1.2.0\javax.activation-api-1.2.0.jar;C:\Users\Admin\.m2\repository\org\hibernate\common\hibernate-commons-annotations\5.1.2.Final\hibernate-commons-annotations-5.1.2.Final.jar;C:\Users\Admin\.m2\repository\javax\xml\bind\jaxb-api\2.3.1\jaxb-api-2.3.1.jar;C:\Users\Admin\.m2\repository\org\glassfish\jaxb\jaxb-runtime\2.3.1\jaxb-runtime-2.3.1.jar;C:\Users\Admin\.m2\repository\org\glassfish\jaxb\txw2\2.3.1\txw2-2.3.1.jar;C:\Users\Admin\.m2\repository\com\sun\istack\istack-commons-runtime\3.0.7\istack-commons-runtime-3.0.7.jar;C:\Users\Admin\.m2\repository\org\jvnet\staxex\stax-ex\1.8\stax-ex-1.8.jar;C:\Users\Admin\.m2\repository\com\sun\xml\fastinfoset\FastInfoset\1.2.15\FastInfoset-1.2.15.jar;C:\Users\Admin\.m2\repository\mysql\mysql-connector-java\8.0.29\mysql-connector-java-8.0.29.jar;C:\Users\Admin\.m2\repository\com\google\protobuf\protobuf-java\3.19.4\protobuf-java-3.19.4.jar;C:\Users\Admin\.m2\repository\javax\persistence\javax.persistence-api\2.2\javax.persistence-api-2.2.jar;C:\Users\Admin\.m2\repository\junit\junit\4.13.2\junit-4.13.2.jar;C:\Users\Admin\.m2\repository\org\hamcrest\hamcrest-core\1.3\hamcrest-core-1.3.jar;"/>
    <property name="sun.cpu.endian" value="little"/>
    <property name="user.home" value="C:\Users\Admin"/>
    <property name="user.language" value="en"/>
    <property name="java.specification.vendor" value="Oracle Corporation"/>
    <property name="java.version.date" value="2025-04-15"/>
    <property name="java.home" value="C:\Users\Admin\.p2\pool\plugins\org.eclipse.justj.openjdk.hotspot.jre.full.win32.x86_64_21.0.7.v20250502-0916\jre"/>
    <property name="file.separator" value="\"/>
    <property name="basedir" value="C:\Users\Admin\eclipse-workspace\hibernate11"/>
    <property name="style.color" value="always"/>
    <property name="java.vm.compressedOopsMode" value="Zero based"/>
    <property name="line.separator" value="&#10;"/>
    <property name="java.vm.specification.vendor" value="Oracle Corporation"/>
    <property name="java.specification.name" value="Java Platform API Specification"/>
    <property name="surefire.real.class.path" value="C:\Users\Admin\AppData\Local\Temp\surefire9673928015941235001\surefirebooter-20251016205602361_3.jar"/>
    <property name="user.script" value=""/>
    <property name="sun.management.compiler" value="HotSpot 64-Bit Tiered Compilers"/>
    <property name="java.runtime.version" value="21.0.7+6-LTS"/>
    <property name="user.name" value="Admin"/>
    <property name="stdout.encoding" value="Cp1252"/>
    <property name="path.separator" value=";"/>
    <property name="os.version" value="10.0"/>
    <property name="java.runtime.name" value="OpenJDK Runtime Environment"/>
    <property name="file.encoding" value="UTF-8"/>
    <property name="java.vm.name" value="OpenJDK 64-Bit Server VM"/>
    <property name="java.vendor.version" value="Temurin-21.0.7+6"/>
    <property name="localRepository" value="C:\Users\Admin\.m2\repository"/>
    <property name="java.vendor.url.bug" value="https://github.com/adoptium/adoptium-support/issues"/>
    <property name="java.io.tmpdir" value="C:\Users\Admin\AppData\Local\Temp\"/>
    <property name="java.version" value="21.0.7"/>
    <property name="user.dir" value="C:\Users\Admin\eclipse-workspace\hibernate11"/>
    <property name="os.arch" value="amd64"/>
    <property name="java.vm.specification.name" value="Java Virtual Machine Specification"/>
    <property name="sun.os.patch.level" value=""/>
    <property name="native.encoding" value="Cp1252"/>
    <property name="java.library.path" value="C:\Users\Admin\.p2\pool\plugins\org.eclipse.justj.openjdk.hotspot.jre.full.win32.x86_64_21.0.7.v20250502-0916\jre\bin;C:\WINDOWS\Sun\Java\bin;C:\WINDOWS\system32;C:\WINDOWS;C:/Users/Admin/.p2/pool/plugins/org.eclipse.justj.openjdk.hotspot.jre.full.win32.x86_64_21.0.7.v20250502-0916/jre/bin/server;C:/Users/Admin/.p2/pool/plugins/org.eclipse.justj.openjdk.hotspot.jre.full.win32.x86_64_21.0.7.v20250502-0916/jre/bin;C:\Python313\Scripts\;C:\Python313\;C:\Program Files\Common Files\Oracle\Java\javapath;C:\App\Admin\WINDOWS.X64_193000_db_home\bin;C:\WINDOWS\system32;C:\WINDOWS;C:\WINDOWS\System32\Wbem;C:\WINDOWS\System32\WindowsPowerShell\v1.0\;C:\WINDOWS\System32\OpenSSH\;C:\Program Files\Git\cmd;C:\Program Files\Docker\Docker\resources\bin;C:\Program Files (x86)\Microsoft SQL Server\160\Tools\Binn\;C:\Program Files\Microsoft SQL Server\160\Tools\Binn\;C:\Program Files\Microsoft SQL Server\Client SDK\ODBC\170\Tools\Binn\;C:\Program Files\Microsoft SQL Server\160\DTS\Binn\;C:\Program Files\CMake\bin;C:\Program Files\Microsoft SQL Server\150\Tools\Binn\;C:\Program Files\dotnet\;C:\Program Files (x86)\Windows Kits\10\Windows Performance Toolkit\;C:\Program Files\PostgreSQL\17\bin;C:\Program Files\apache-maven-3.9.11\bin;C:\Program Files\nodejs\;C:\ProgramData\chocolatey\bin;C:\Program Files\nodejs\;C:\Users\Admin\Downloads\flutter_windows_3.35.5-stable\flutter\bin;C:\Users\Admin\AppData\Local\Programs\Python\Python312\Scripts\;C:\Users\Admin\AppData\Local\Programs\Python\Python312\;C:\Program Files\MySQL\MySQL Shell 8.0\bin\;C:\Users\Admin\AppData\Local\Microsoft\WindowsApps;C:\Users\Admin\AppData\Local\Programs\Microsoft VS Code\bin;C:\Users\Admin\.dotnet\tools;C:\Users\Admin\AppData\Local\Programs\cursor\resources\app\bin;C:\Users\Admin\AppData\Local\GitHubDesktop\bin;C:\Users\Admin\AppData\Roaming\npm;C:\Program Files (x86)\Nmap;C:\WINDOWS\System32;;."/>
    <property name="java.vm.info" value="mixed mode, sharing"/>
    <property name="stderr.encoding" value="Cp1252"/>
    <property name="java.vendor" value="Eclipse Adoptium"/>
    <property name="java.vm.version" value="21.0.7+6-LTS"/>
    <property name="sun.io.unicode.encoding" value="UnicodeLittle"/>
    <property name="java.class.version" value="65.0"/>
  </properties>
  <testcase name="testFindAll" classname="hibernate11.SalleServiceTest" time="0.003">
    <system-out><![CDATA[Hibernate: 
    insert 
    into
        salles
        (code) 
    values
        (?)
Hibernate: 
    select
        salle0_.id as id1_1_,
        salle0_.code as code2_1_ 
    from
        salles salle0_
Hibernate: 
    select
        machines0_.salle_id as salle_id4_0_0_,
        machines0_.id as id1_0_0_,
        machines0_.id as id1_0_1_,
        machines0_.dateAchat as dateacha2_0_1_,
        machines0_.ref as ref3_0_1_,
        machines0_.salle_id as salle_id4_0_1_ 
    from
        Machine machines0_ 
    where
        machines0_.salle_id=?
Hibernate: 
    select
        salle0_.id as id1_1_0_,
        salle0_.code as code2_1_0_,
        machines1_.salle_id as salle_id4_0_1_,
        machines1_.id as id1_0_1_,
        machines1_.id as id1_0_2_,
        machines1_.dateAchat as dateacha2_0_2_,
        machines1_.ref as ref3_0_2_,
        machines1_.salle_id as salle_id4_0_2_ 
    from
        salles salle0_ 
    left outer join
        Machine machines1_ 
            on salle0_.id=machines1_.salle_id 
    where
        salle0_.id=?
Hibernate: 
    delete 
    from
        salles 
    where
        id=?
]]></system-out>
  </testcase>
  <testcase name="testFindById" classname="hibernate11.SalleServiceTest" time="0.002">
    <system-out><![CDATA[Hibernate: 
    insert 
    into
        salles
        (code) 
    values
        (?)
Hibernate: 
    select
        salle0_.id as id1_1_0_,
        salle0_.code as code2_1_0_,
        machines1_.salle_id as salle_id4_0_1_,
        machines1_.id as id1_0_1_,
        machines1_.id as id1_0_2_,
        machines1_.dateAchat as dateacha2_0_2_,
        machines1_.ref as ref3_0_2_,
        machines1_.salle_id as salle_id4_0_2_ 
    from
        salles salle0_ 
    left outer join
        Machine machines1_ 
            on salle0_.id=machines1_.salle_id 
    where
        salle0_.id=?
Hibernate: 
    select
        salle0_.id as id1_1_0_,
        salle0_.code as code2_1_0_,
        machines1_.salle_id as salle_id4_0_1_,
        machines1_.id as id1_0_1_,
        machines1_.id as id1_0_2_,
        machines1_.dateAchat as dateacha2_0_2_,
        machines1_.ref as ref3_0_2_,
        machines1_.salle_id as salle_id4_0_2_ 
    from
        salles salle0_ 
    left outer join
        Machine machines1_ 
            on salle0_.id=machines1_.salle_id 
    where
        salle0_.id=?
Hibernate: 
    delete 
    from
        salles 
    where
        id=?
]]></system-out>
  </testcase>
  <testcase name="testCreate" classname="hibernate11.SalleServiceTest" time="0.001">
    <system-out><![CDATA[Hibernate: 
    insert 
    into
        salles
        (code) 
    values
        (?)
Hibernate: 
    select
        salle0_.id as id1_1_0_,
        salle0_.code as code2_1_0_,
        machines1_.salle_id as salle_id4_0_1_,
        machines1_.id as id1_0_1_,
        machines1_.id as id1_0_2_,
        machines1_.dateAchat as dateacha2_0_2_,
        machines1_.ref as ref3_0_2_,
        machines1_.salle_id as salle_id4_0_2_ 
    from
        salles salle0_ 
    left outer join
        Machine machines1_ 
            on salle0_.id=machines1_.salle_id 
    where
        salle0_.id=?
Hibernate: 
    delete 
    from
        salles 
    where
        id=?
]]></system-out>
  </testcase>
  <testcase name="testDelete" classname="hibernate11.SalleServiceTest" time="0.001">
    <system-out><![CDATA[Hibernate: 
    insert 
    into
        salles
        (code) 
    values
        (?)
Hibernate: 
    delete 
    from
        salles 
    where
        id=?
Hibernate: 
    select
        salle0_.id as id1_1_0_,
        salle0_.code as code2_1_0_,
        machines1_.salle_id as salle_id4_0_1_,
        machines1_.id as id1_0_1_,
        machines1_.id as id1_0_2_,
        machines1_.dateAchat as dateacha2_0_2_,
        machines1_.ref as ref3_0_2_,
        machines1_.salle_id as salle_id4_0_2_ 
    from
        salles salle0_ 
    left outer join
        Machine machines1_ 
            on salle0_.id=machines1_.salle_id 
    where
        salle0_.id=?
Hibernate: 
    select
        salle0_.id as id1_1_0_,
        salle0_.code as code2_1_0_,
        machines1_.salle_id as salle_id4_0_1_,
        machines1_.id as id1_0_1_,
        machines1_.id as id1_0_2_,
        machines1_.dateAchat as dateacha2_0_2_,
        machines1_.ref as ref3_0_2_,
        machines1_.salle_id as salle_id4_0_2_ 
    from
        salles salle0_ 
    left outer join
        Machine machines1_ 
            on salle0_.id=machines1_.salle_id 
    where
        salle0_.id=?
]]></system-out>
  </testcase>
  <testcase name="testUpdate" classname="hibernate11.SalleServiceTest" time="0.002">
    <system-out><![CDATA[Hibernate: 
    insert 
    into
        salles
        (code) 
    values
        (?)
Hibernate: 
    update
        salles 
    set
        code=? 
    where
        id=?
Hibernate: 
    select
        salle0_.id as id1_1_0_,
        salle0_.code as code2_1_0_,
        machines1_.salle_id as salle_id4_0_1_,
        machines1_.id as id1_0_1_,
        machines1_.id as id1_0_2_,
        machines1_.dateAchat as dateacha2_0_2_,
        machines1_.ref as ref3_0_2_,
        machines1_.salle_id as salle_id4_0_2_ 
    from
        salles salle0_ 
    left outer join
        Machine machines1_ 
            on salle0_.id=machines1_.salle_id 
    where
        salle0_.id=?
Hibernate: 
    select
        salle0_.id as id1_1_0_,
        salle0_.code as code2_1_0_,
        machines1_.salle_id as salle_id4_0_1_,
        machines1_.id as id1_0_1_,
        machines1_.id as id1_0_2_,
        machines1_.dateAchat as dateacha2_0_2_,
        machines1_.ref as ref3_0_2_,
        machines1_.salle_id as salle_id4_0_2_ 
    from
        salles salle0_ 
    left outer join
        Machine machines1_ 
            on salle0_.id=machines1_.salle_id 
    where
        salle0_.id=?
Hibernate: 
    delete 
    from
        salles 
    where
        id=?
]]></system-out>
  </testcase>
</testsuite>